[01m[K/home/propp/Independent_Study/first_ros_package/src/first_ros_package/src/publisher_member_function.cpp:[m[K In constructor â€˜[01m[KOdometryToTF::OdometryToTF()[m[Kâ€™:
[01m[K/home/propp/Independent_Study/first_ros_package/src/first_ros_package/src/publisher_member_function.cpp:36:5:[m[K [01;31m[Kerror: [m[Kâ€˜[01m[KodometrySubscription_[m[Kâ€™ was not declared in this scope
   36 |     [01;31m[KodometrySubscription_[m[K = this->create_subscription<nav_msgs::msg::Odometry>("/model/marble_husky_sensor_config_2/odometry",
      |     [01;31m[K^~~~~~~~~~~~~~~~~~~~~[m[K
make[2]: *** [CMakeFiles/talker.dir/build.make:63: CMakeFiles/talker.dir/src/publisher_member_function.cpp.o] Error 1
make[1]: *** [CMakeFiles/Makefile2:78: CMakeFiles/talker.dir/all] Error 2
make: *** [Makefile:141: all] Error 2
