[0.010s] Invoking command in '/home/propp/Independent_Study/first_ros_package/src/first_ros_package/build/first_ros_package': CMAKE_PREFIX_PATH=${CMAKE_PREFIX_PATH}:/home/propp/Independent_Study/src/Test_Ros/install/my_package /usr/bin/cmake --build /home/propp/Independent_Study/first_ros_package/src/first_ros_package/build/first_ros_package -- -j12 -l12
[0.043s] [35m[1mScanning dependencies of target talker[0m
[0.064s] [ 50%] [32mBuilding CXX object CMakeFiles/talker.dir/src/publisher_member_function.cpp.o[0m
[0.943s] [01m[K/home/propp/Independent_Study/first_ros_package/src/first_ros_package/src/publisher_member_function.cpp:[m[K In constructor â€˜[01m[KOdometryToTF::OdometryToTF()[m[Kâ€™:
[0.943s] [01m[K/home/propp/Independent_Study/first_ros_package/src/first_ros_package/src/publisher_member_function.cpp:36:5:[m[K [01;31m[Kerror: [m[Kâ€˜[01m[KodometrySubscription_[m[Kâ€™ was not declared in this scope
[0.943s]    36 |     [01;31m[KodometrySubscription_[m[K = this->create_subscription<nav_msgs::msg::Odometry>("/model/marble_husky_sensor_config_2/odometry",
[0.943s]       |     [01;31m[K^~~~~~~~~~~~~~~~~~~~~[m[K
[1.860s] make[2]: *** [CMakeFiles/talker.dir/build.make:63: CMakeFiles/talker.dir/src/publisher_member_function.cpp.o] Error 1
[1.860s] make[1]: *** [CMakeFiles/Makefile2:78: CMakeFiles/talker.dir/all] Error 2
[1.860s] make: *** [Makefile:141: all] Error 2
[1.862s] Invoked command in '/home/propp/Independent_Study/first_ros_package/src/first_ros_package/build/first_ros_package' returned '2': CMAKE_PREFIX_PATH=${CMAKE_PREFIX_PATH}:/home/propp/Independent_Study/src/Test_Ros/install/my_package /usr/bin/cmake --build /home/propp/Independent_Study/first_ros_package/src/first_ros_package/build/first_ros_package -- -j12 -l12
