[0.016s] Invoking command in '/home/propp/Independent_Study/ros_workspace/build/nav2_util': AMENT_PREFIX_PATH=/home/propp/Independent_Study/ros_workspace/install/nav2_msgs:/home/propp/Independent_Study/ros_workspace/install/nav2_common:${AMENT_PREFIX_PATH} CMAKE_PREFIX_PATH=/home/propp/Independent_Study/ros_workspace/install/nav2_msgs:/home/propp/Independent_Study/ros_workspace/install/nav2_common:${CMAKE_PREFIX_PATH} LD_LIBRARY_PATH=/home/propp/Independent_Study/ros_workspace/install/nav2_msgs/lib:${LD_LIBRARY_PATH} PYTHONPATH=/home/propp/Independent_Study/ros_workspace/install/nav2_msgs/lib/python3.8/site-packages:/home/propp/Independent_Study/ros_workspace/install/nav2_common/lib/python3.8/site-packages:${PYTHONPATH} /usr/bin/cmake /home/propp/Independent_Study/ros_workspace/src/navigation2/nav2_util -DCMAKE_INSTALL_PREFIX=/home/propp/Independent_Study/ros_workspace/install/nav2_util
[0.034s] -- Found ament_cmake: 0.9.7 (/home/propp/ros2_foxy/ros2-linux/share/ament_cmake/cmake)
[0.056s] -- Found PythonInterp: /usr/bin/python3 (found suitable version "3.8.5", minimum required is "3") 
[0.056s] -- Using PYTHON_EXECUTABLE: /usr/bin/python3
[0.213s] -- Override CMake install command with custom implementation using symlinks instead of copying resources
[0.222s] -- Found nav2_common: 0.4.5 (/home/propp/Independent_Study/ros_workspace/install/nav2_common/share/nav2_common/cmake)
[0.222s] -- Found nav2_msgs: 0.4.5 (/home/propp/Independent_Study/ros_workspace/install/nav2_msgs/share/nav2_msgs/cmake)
[0.235s] -- Using all available rosidl_typesupport_c: rosidl_typesupport_connext_c;rosidl_typesupport_fastrtps_c;rosidl_typesupport_introspection_c
[0.240s] -- Found rosidl_adapter: 1.1.0 (/home/propp/ros2_foxy/ros2-linux/share/rosidl_adapter/cmake)
[0.243s] -- Found RTI Connext: /opt/rti.com/rti_connext_dds-5.3.1
[0.698s] -- Using all available rosidl_typesupport_cpp: rosidl_typesupport_connext_cpp;rosidl_typesupport_fastrtps_cpp;rosidl_typesupport_introspection_cpp
[1.072s] -- Found tf2_ros: 0.13.5 (/home/propp/ros2_foxy/ros2-linux/share/tf2_ros/cmake)
[1.109s] -- Found rmw_implementation_cmake: 1.0.1 (/home/propp/ros2_foxy/ros2-linux/share/rmw_implementation_cmake/cmake)
[1.110s] -- Using RMW implementation 'rmw_fastrtps_cpp' as default
[1.405s] -- Found tf2_geometry_msgs: 0.13.5 (/home/propp/ros2_foxy/ros2-linux/share/tf2_geometry_msgs/cmake)
[1.411s] -- Found eigen3_cmake_module: 0.1.1 (/home/propp/ros2_foxy/ros2-linux/share/eigen3_cmake_module/cmake)
[1.434s] -- Found lifecycle_msgs: 1.0.0 (/home/propp/ros2_foxy/ros2-linux/share/lifecycle_msgs/cmake)
[1.442s] -- Found test_msgs: 1.0.0 (/home/propp/ros2_foxy/ros2-linux/share/test_msgs/cmake)
[1.492s] -- Found rclcpp_lifecycle: 2.2.0 (/home/propp/ros2_foxy/ros2-linux/share/rclcpp_lifecycle/cmake)
[1.515s] -- Found ament_lint_auto: 0.9.5 (/home/propp/ros2_foxy/ros2-linux/share/ament_lint_auto/cmake)
[1.516s] -- Found ament_cmake_pytest: 0.9.7 (/home/propp/ros2_foxy/ros2-linux/share/ament_cmake_pytest/cmake)
[1.516s] -- Found launch_testing_ament_cmake: 0.10.3 (/home/propp/ros2_foxy/ros2-linux/share/launch_testing_ament_cmake/cmake)
[1.517s] -- Found python_cmake_module: 0.8.0 (/home/propp/ros2_foxy/ros2-linux/share/python_cmake_module/cmake)
[1.534s] -- Found PythonInterp: /usr/bin/python3 (found suitable version "3.8.5", minimum required is "3.5") 
[1.536s] -- Using PYTHON_EXECUTABLE: /usr/bin/python3
[1.536s] -- Using PYTHON_INCLUDE_DIRS: /usr/include/python3.8
[1.536s] -- Using PYTHON_LIBRARIES: /usr/lib/x86_64-linux-gnu/libpython3.8.so
[1.601s] -- Found gtest sources under '/home/propp/ros2_foxy/ros2-linux/src/gtest_vendor': C++ tests using 'Google Test' will be built
[1.631s] -- Added test 'copyright' to check source files copyright and LICENSE
[1.632s] -- Added test 'cppcheck' to perform static code analysis on C / C++ code
[1.633s] -- Configured cppcheck include dirs: /home/propp/Independent_Study/ros_workspace/src/navigation2/nav2_util/include
[1.633s] -- Configured cppcheck exclude dirs and/or files: 
[1.634s] -- Added test 'cpplint' to check C / C++ code against the Google style
[1.634s] -- Configured cpplint exclude dirs and/or files: 
[1.635s] -- Added test 'flake8' to check Python code syntax and style conventions
[1.635s] -- Added test 'lint_cmake' to check CMake code style
[1.636s] -- Added test 'pep257' to check Python code against some of the style conventions in PEP 257
[1.638s] -- Added test 'uncrustify' to check C / C++ code style
[1.638s] -- Configured uncrustify additional arguments: 
[1.638s] -- Added test 'xmllint' to check XML markup files
[1.643s] -- Configuring done
[1.721s] -- Generating done
[1.724s] -- Build files have been written to: /home/propp/Independent_Study/ros_workspace/build/nav2_util
[1.734s] Invoked command in '/home/propp/Independent_Study/ros_workspace/build/nav2_util' returned '0': AMENT_PREFIX_PATH=/home/propp/Independent_Study/ros_workspace/install/nav2_msgs:/home/propp/Independent_Study/ros_workspace/install/nav2_common:${AMENT_PREFIX_PATH} CMAKE_PREFIX_PATH=/home/propp/Independent_Study/ros_workspace/install/nav2_msgs:/home/propp/Independent_Study/ros_workspace/install/nav2_common:${CMAKE_PREFIX_PATH} LD_LIBRARY_PATH=/home/propp/Independent_Study/ros_workspace/install/nav2_msgs/lib:${LD_LIBRARY_PATH} PYTHONPATH=/home/propp/Independent_Study/ros_workspace/install/nav2_msgs/lib/python3.8/site-packages:/home/propp/Independent_Study/ros_workspace/install/nav2_common/lib/python3.8/site-packages:${PYTHONPATH} /usr/bin/cmake /home/propp/Independent_Study/ros_workspace/src/navigation2/nav2_util -DCMAKE_INSTALL_PREFIX=/home/propp/Independent_Study/ros_workspace/install/nav2_util
[1.736s] Invoking command in '/home/propp/Independent_Study/ros_workspace/build/nav2_util': AMENT_PREFIX_PATH=/home/propp/Independent_Study/ros_workspace/install/nav2_msgs:/home/propp/Independent_Study/ros_workspace/install/nav2_common:${AMENT_PREFIX_PATH} CMAKE_PREFIX_PATH=/home/propp/Independent_Study/ros_workspace/install/nav2_msgs:/home/propp/Independent_Study/ros_workspace/install/nav2_common:${CMAKE_PREFIX_PATH} LD_LIBRARY_PATH=/home/propp/Independent_Study/ros_workspace/install/nav2_msgs/lib:${LD_LIBRARY_PATH} PYTHONPATH=/home/propp/Independent_Study/ros_workspace/install/nav2_msgs/lib/python3.8/site-packages:/home/propp/Independent_Study/ros_workspace/install/nav2_common/lib/python3.8/site-packages:${PYTHONPATH} /usr/bin/cmake --build /home/propp/Independent_Study/ros_workspace/build/nav2_util -- -j12 -l12
[1.778s] [  5%] Built target gtest
[1.784s] [ 10%] Built target gtest_main
[1.788s] [ 12%] [32mBuilding CXX object src/CMakeFiles/dump_params.dir/dump_params.cpp.o[0m
[1.799s] [ 17%] [32mBuilding CXX object src/CMakeFiles/nav2_util_core.dir/node_utils.cpp.o[0m
[1.799s] [ 17%] [32mBuilding CXX object src/CMakeFiles/nav2_util_core.dir/costmap.cpp.o[0m
[1.803s] [ 20%] [32mBuilding CXX object src/CMakeFiles/nav2_util_core.dir/lifecycle_service_client.cpp.o[0m
[1.803s] [ 22%] [32mBuilding CXX object src/CMakeFiles/nav2_util_core.dir/string_utils.cpp.o[0m
[1.803s] [ 25%] [32mBuilding CXX object src/CMakeFiles/nav2_util_core.dir/lifecycle_utils.cpp.o[0m
[1.806s] [ 27%] [32mBuilding CXX object src/CMakeFiles/nav2_util_core.dir/node_thread.cpp.o[0m
[1.806s] [ 30%] [32mBuilding CXX object src/CMakeFiles/nav2_util_core.dir/lifecycle_node.cpp.o[0m
[1.808s] [ 35%] [32mBuilding CXX object test/CMakeFiles/test_execution_timer.dir/test_execution_timer.cpp.o[0m
[1.808s] [ 35%] [32mBuilding CXX object src/CMakeFiles/nav2_util_core.dir/odometry_utils.cpp.o[0m
[1.815s] [ 37%] [32mBuilding CXX object src/CMakeFiles/nav2_util_core.dir/robot_utils.cpp.o[0m
[3.271s] [ 40%] [32m[1mLinking CXX executable test_execution_timer[0m
[3.432s] [ 40%] Built target test_execution_timer
[6.650s] make[2]: *** [src/CMakeFiles/dump_params.dir/build.make:63: src/CMakeFiles/dump_params.dir/dump_params.cpp.o] Interrupt
[6.650s] make[2]: *** [src/CMakeFiles/nav2_util_core.dir/build.make:167: src/CMakeFiles/nav2_util_core.dir/odometry_utils.cpp.o] Interrupt
[6.650s] make[1]: *** [CMakeFiles/Makefile2:216: src/CMakeFiles/dump_params.dir/all] Interrupt
[6.650s] make[1]: *** [CMakeFiles/Makefile2:270: src/CMakeFiles/nav2_util_core.dir/all] Interrupt
[6.650s] make: *** [Makefile:141: all] Interrupt
[6.667s] Invoked command in '/home/propp/Independent_Study/ros_workspace/build/nav2_util' returned '-2': AMENT_PREFIX_PATH=/home/propp/Independent_Study/ros_workspace/install/nav2_msgs:/home/propp/Independent_Study/ros_workspace/install/nav2_common:${AMENT_PREFIX_PATH} CMAKE_PREFIX_PATH=/home/propp/Independent_Study/ros_workspace/install/nav2_msgs:/home/propp/Independent_Study/ros_workspace/install/nav2_common:${CMAKE_PREFIX_PATH} LD_LIBRARY_PATH=/home/propp/Independent_Study/ros_workspace/install/nav2_msgs/lib:${LD_LIBRARY_PATH} PYTHONPATH=/home/propp/Independent_Study/ros_workspace/install/nav2_msgs/lib/python3.8/site-packages:/home/propp/Independent_Study/ros_workspace/install/nav2_common/lib/python3.8/site-packages:${PYTHONPATH} /usr/bin/cmake --build /home/propp/Independent_Study/ros_workspace/build/nav2_util -- -j12 -l12
