[0.006s] Invoking command in '/home/propp/Independent_Study/ros_workspace/build/box_nav': CMAKE_PREFIX_PATH=/home/propp/Independent_Study/ros_workspace/install:/home/propp/Independent_Study/ros_workspace/install/pointcloud_to_laserscan:/home/propp/Independent_Study/ros_workspace/install/dwb_msgs:/home/propp/Independent_Study/ros_workspace/install/nav_2d_msgs:/home/propp/Independent_Study/ros_workspace/install/nav2_voxel_grid:/home/propp/Independent_Study/ros_workspace/install/nav2_util:/home/propp/Independent_Study/ros_workspace/install/nav2_msgs:/home/propp/Independent_Study/ros_workspace/install/nav2_common:/home/propp/Independent_Study/ros_workspace/install/first_ros_package:/home/propp/Independent_Study/ros_workspace/install/box_nav:/home/propp/Independent_Study/ros_workspace/install/nav2_gazebo_spawner:/opt/ros/foxy /usr/bin/cmake --build /home/propp/Independent_Study/ros_workspace/build/box_nav -- -j12 -l12
[0.039s] [35m[1mScanning dependencies of target lidar_odometry[0m
[0.063s] [ 50%] [32mBuilding CXX object CMakeFiles/lidar_odometry.dir/src/lidar_odometry.cpp.o[0m
[0.156s] In file included from [01m[K/home/propp/Independent_Study/ros_workspace/src/box_nav/src/lidar_odometry.cpp:28[m[K:
[0.156s] [01m[K/opt/ros/foxy/include/sensor_msgs/point_cloud_conversion.hpp:51:6:[m[K [01;35m[Kwarning: [m[K#warning POINT_CLOUD_DEPRECATION_MESSAGE [[01;35m[K-Wcpp[m[K]
[0.156s]    51 | #    [01;35m[Kwarning[m[K POINT_CLOUD_DEPRECATION_MESSAGE
[0.156s]       |      [01;35m[K^~~~~~~[m[K
[0.158s] [01m[K/home/propp/Independent_Study/ros_workspace/src/box_nav/src/lidar_odometry.cpp:32:10:[m[K [01;31m[Kfatal error: [m[Klaserscan_to_pointcloud_node.hpp: No such file or directory
[0.158s]    32 | #include [01;31m[K"laserscan_to_pointcloud_node.hpp"[m[K
[0.158s]       |          [01;31m[K^~~~~~~~~~~~~~~~~~~~~~~~~~~~~~~~~~[m[K
[0.158s] compilation terminated.
[0.161s] make[2]: *** [CMakeFiles/lidar_odometry.dir/build.make:63: CMakeFiles/lidar_odometry.dir/src/lidar_odometry.cpp.o] Error 1
[0.161s] make[1]: *** [CMakeFiles/Makefile2:78: CMakeFiles/lidar_odometry.dir/all] Error 2
[0.161s] make: *** [Makefile:141: all] Error 2
[0.163s] Invoked command in '/home/propp/Independent_Study/ros_workspace/build/box_nav' returned '2': CMAKE_PREFIX_PATH=/home/propp/Independent_Study/ros_workspace/install:/home/propp/Independent_Study/ros_workspace/install/pointcloud_to_laserscan:/home/propp/Independent_Study/ros_workspace/install/dwb_msgs:/home/propp/Independent_Study/ros_workspace/install/nav_2d_msgs:/home/propp/Independent_Study/ros_workspace/install/nav2_voxel_grid:/home/propp/Independent_Study/ros_workspace/install/nav2_util:/home/propp/Independent_Study/ros_workspace/install/nav2_msgs:/home/propp/Independent_Study/ros_workspace/install/nav2_common:/home/propp/Independent_Study/ros_workspace/install/first_ros_package:/home/propp/Independent_Study/ros_workspace/install/box_nav:/home/propp/Independent_Study/ros_workspace/install/nav2_gazebo_spawner:/opt/ros/foxy /usr/bin/cmake --build /home/propp/Independent_Study/ros_workspace/build/box_nav -- -j12 -l12
