[01m[K/home/propp/Independent_Study/first_ros_package/src/first_ros_package/src/publisher_member_function.cpp:[m[K In constructor â€˜[01m[KOdometryToTF::OdometryToTF()[m[Kâ€™:
[01m[K/home/propp/Independent_Study/first_ros_package/src/first_ros_package/src/publisher_member_function.cpp:37:92:[m[K [01;31m[Kerror: [m[Kno matching function for call to â€˜[01m[KOdometryToTF::create_subscription<nav_msgs::msg::Odometry_>(const char [45], rclcpp::QoS, std::_Bind_helper<false, void (OdometryToTF::*)(std::shared_ptr<nav_msgs::msg::Odometry_<std::allocator<void> > >) const, OdometryToTF*, const std::_Placeholder<1>&>::type)[m[Kâ€™
   37 |       rclcpp::QoS(rclcpp::KeepLast(10)), std::bind(&OdometryToTF::topic_callback, this, _1)[01;31m[K)[m[K;
      |                                                                                            [01;31m[K^[m[K
In file included from [01m[K/home/propp/ros2_foxy/ros2-linux/include/rclcpp/executors/single_threaded_executor.hpp:28[m[K,
                 from [01m[K/home/propp/ros2_foxy/ros2-linux/include/rclcpp/executors.hpp:22[m[K,
                 from [01m[K/home/propp/ros2_foxy/ros2-linux/include/rclcpp/rclcpp.hpp:146[m[K,
                 from [01m[K/home/propp/Independent_Study/first_ros_package/src/first_ros_package/src/publisher_member_function.cpp:20[m[K:
[01m[K/home/propp/ros2_foxy/ros2-linux/include/rclcpp/node.hpp:213:3:[m[K [01;36m[Knote: [m[Kcandidate: â€˜[01m[Ktemplate<class MessageT, class CallbackT, class AllocatorT, class CallbackMessageT, class SubscriptionT, class MessageMemoryStrategyT> std::shared_ptr<SubscriptionT> rclcpp::Node::create_subscription(const string&, const rclcpp::QoS&, CallbackT&&, const rclcpp::SubscriptionOptionsWithAllocator<AllocatorT>&, typename MessageMemoryStrategyT::SharedPtr)[m[Kâ€™
  213 |   [01;36m[Kcreate_subscription[m[K(
      |   [01;36m[K^~~~~~~~~~~~~~~~~~~[m[K
[01m[K/home/propp/ros2_foxy/ros2-linux/include/rclcpp/node.hpp:213:3:[m[K [01;36m[Knote: [m[K  template argument deduction/substitution failed:
make[2]: *** [CMakeFiles/talker.dir/build.make:63: CMakeFiles/talker.dir/src/publisher_member_function.cpp.o] Error 1
make[1]: *** [CMakeFiles/Makefile2:78: CMakeFiles/talker.dir/all] Error 2
make: *** [Makefile:141: all] Error 2
