In file included from [01m[K/home/propp/Independent_Study/ros_workspace/src/all_points/src/all_points.cpp:14[m[K:
[01m[K/opt/ros/foxy/include/sensor_msgs/point_cloud_conversion.hpp:51:6:[m[K [01;35m[Kwarning: [m[K#warning POINT_CLOUD_DEPRECATION_MESSAGE [[01;35m[K-Wcpp[m[K]
   51 | #    [01;35m[Kwarning[m[K POINT_CLOUD_DEPRECATION_MESSAGE
      |      [01;35m[K^~~~~~~[m[K
[01m[K/home/propp/Independent_Study/ros_workspace/src/all_points/src/all_points.cpp:20:41:[m[K [01;31m[Kerror: [m[Kexpected class-name before â€˜[01m[K:[m[Kâ€™ token
   20 | class AllPointsPublisher : public rclcpp[01;31m[K:[m[KNode {
      |                                         [01;31m[K^[m[K
[01m[K/home/propp/Independent_Study/ros_workspace/src/all_points/src/all_points.cpp:20:41:[m[K [01;31m[Kerror: [m[Kexpected â€˜[01m[K{[m[Kâ€™ before â€˜[01m[K:[m[Kâ€™ token
[01m[K/home/propp/Independent_Study/ros_workspace/src/all_points/src/all_points.cpp:20:41:[m[K [01;31m[Kerror: [m[Kexpected unqualified-id before â€˜[01m[K:[m[Kâ€™ token
make[2]: *** [CMakeFiles/all_points_trans.dir/build.make:63: CMakeFiles/all_points_trans.dir/src/all_points.cpp.o] Error 1
make[1]: *** [CMakeFiles/Makefile2:78: CMakeFiles/all_points_trans.dir/all] Error 2
make: *** [Makefile:141: all] Error 2
