-- Found ament_cmake: 0.9.7 (/opt/ros/foxy/share/ament_cmake/cmake)
-- Using PYTHON_EXECUTABLE: /usr/bin/python3
-- Found rclcpp: 2.2.0 (/opt/ros/foxy/share/rclcpp/cmake)
-- Using all available rosidl_typesupport_c: rosidl_typesupport_fastrtps_c;rosidl_typesupport_introspection_c
-- Found rosidl_adapter: 1.1.0 (/opt/ros/foxy/share/rosidl_adapter/cmake)
-- Using all available rosidl_typesupport_cpp: rosidl_typesupport_fastrtps_cpp;rosidl_typesupport_introspection_cpp
-- Found rmw_implementation_cmake: 1.0.2 (/opt/ros/foxy/share/rmw_implementation_cmake/cmake)
-- Using RMW implementation 'rmw_fastrtps_cpp' as default
-- Found tf2: 0.13.6 (/opt/ros/foxy/share/tf2/cmake)
-- Found tf2_ros: 0.13.6 (/opt/ros/foxy/share/tf2_ros/cmake)
-- Found nav_msgs: 2.0.3 (/opt/ros/foxy/share/nav_msgs/cmake)
-- Found sensor_msgs: 2.0.3 (/opt/ros/foxy/share/sensor_msgs/cmake)
-- Configuring done
-- Generating done
-- Build files have been written to: /home/propp/Independent_Study/ros_workspace/build/all_points
[35m[1mScanning dependencies of target all_points_trans[0m
[ 50%] [32mBuilding CXX object CMakeFiles/all_points_trans.dir/src/all_points.cpp.o[0m
In file included from [01m[K/home/propp/Independent_Study/ros_workspace/src/all_points/src/all_points.cpp:14[m[K:
[01m[K/opt/ros/foxy/include/sensor_msgs/point_cloud_conversion.hpp:51:6:[m[K [01;35m[Kwarning: [m[K#warning POINT_CLOUD_DEPRECATION_MESSAGE [[01;35m[K-Wcpp[m[K]
   51 | #    [01;35m[Kwarning[m[K POINT_CLOUD_DEPRECATION_MESSAGE
      |      [01;35m[K^~~~~~~[m[K
[01m[K/home/propp/Independent_Study/ros_workspace/src/all_points/src/all_points.cpp:20:41:[m[K [01;31m[Kerror: [m[Kexpected class-name before â€˜[01m[K:[m[Kâ€™ token
   20 | class AllPointsPublisher : public rclcpp[01;31m[K:[m[KNode {
      |                                         [01;31m[K^[m[K
[01m[K/home/propp/Independent_Study/ros_workspace/src/all_points/src/all_points.cpp:20:41:[m[K [01;31m[Kerror: [m[Kexpected â€˜[01m[K{[m[Kâ€™ before â€˜[01m[K:[m[Kâ€™ token
[01m[K/home/propp/Independent_Study/ros_workspace/src/all_points/src/all_points.cpp:20:41:[m[K [01;31m[Kerror: [m[Kexpected unqualified-id before â€˜[01m[K:[m[Kâ€™ token
make[2]: *** [CMakeFiles/all_points_trans.dir/build.make:63: CMakeFiles/all_points_trans.dir/src/all_points.cpp.o] Error 1
make[1]: *** [CMakeFiles/Makefile2:78: CMakeFiles/all_points_trans.dir/all] Error 2
make: *** [Makefile:141: all] Error 2
