[0.021s] Invoking command in '/home/propp/Independent_Study/ros_workspace/build/all_points': CMAKE_PREFIX_PATH=${CMAKE_PREFIX_PATH}:/opt/ros/foxy /usr/bin/cmake --build /home/propp/Independent_Study/ros_workspace/build/all_points -- -j12 -l12
[0.057s] [35m[1mScanning dependencies of target all_points_trans[0m
[0.085s] [ 50%] [32mBuilding CXX object CMakeFiles/all_points_trans.dir/src/all_points.cpp.o[0m
[0.207s] In file included from [01m[K/home/propp/Independent_Study/ros_workspace/src/all_points/src/all_points.cpp:14[m[K:
[0.208s] [01m[K/opt/ros/foxy/include/sensor_msgs/point_cloud_conversion.hpp:51:6:[m[K [01;35m[Kwarning: [m[K#warning POINT_CLOUD_DEPRECATION_MESSAGE [[01;35m[K-Wcpp[m[K]
[0.208s]    51 | #    [01;35m[Kwarning[m[K POINT_CLOUD_DEPRECATION_MESSAGE
[0.208s]       |      [01;35m[K^~~~~~~[m[K
[1.182s] [01m[K/home/propp/Independent_Study/ros_workspace/src/all_points/src/all_points.cpp:[m[K In member function â€˜[01m[Kvoid AllPointsPublisher::topic_callback(std::shared_ptr<const sensor_msgs::msg::PointCloud2_<std::allocator<void> > >)[m[Kâ€™:
[1.183s] [01m[K/home/propp/Independent_Study/ros_workspace/src/all_points/src/all_points.cpp:51:66:[m[K [01;35m[Kwarning: [m[Kright operand of comma operator has no effect [[01;35m[K-Wunused-value[m[K]
[1.183s]    51 |             iter_x != iter_x.end(); ++iter_x, ++iter_y, ++iter_z,[01;35m[Kiter_intensity[m[K)
[1.183s]       |                                                                  [01;35m[K^~~~~~~~~~~~~~[m[K
[1.185s] [01m[K/home/propp/Independent_Study/ros_workspace/src/all_points/src/all_points.cpp:90:26:[m[K [01;35m[Kwarning: [m[Kcomparison of integer expressions of different signedness: â€˜[01m[Kint[m[Kâ€™ and â€˜[01m[Kstd::vector<float>::size_type[m[Kâ€™ {aka â€˜[01m[Klong unsigned int[m[Kâ€™} [[01;35m[K-Wsign-compare[m[K]
[1.185s]    90 |         for(int i = 0; [01;35m[Ki < scan_msg->ranges.size()[m[K; i++) {
[1.185s]       |                        [01;35m[K~~^~~~~~~~~~~~~~~~~~~~~~~~~[m[K
[1.185s] [01m[K/home/propp/Independent_Study/ros_workspace/src/all_points/src/all_points.cpp:93:28:[m[K [01;31m[Kerror: [m[Kâ€˜[01m[Kclass std::shared_ptr<rclcpp::Publisher<sensor_msgs::msg::LaserScan_<std::allocator<void> > > >[m[Kâ€™ has no member named â€˜[01m[Kpublish[m[Kâ€™
[1.185s]    93 |         laserScanPublisher.[01;31m[Kpublish[m[K(scan_msg);
[1.185s]       |                            [01;31m[K^~~~~~~[m[K
[2.447s] make[2]: *** [CMakeFiles/all_points_trans.dir/build.make:63: CMakeFiles/all_points_trans.dir/src/all_points.cpp.o] Error 1
[2.447s] make[1]: *** [CMakeFiles/Makefile2:78: CMakeFiles/all_points_trans.dir/all] Error 2
[2.447s] make: *** [Makefile:141: all] Error 2
[2.449s] Invoked command in '/home/propp/Independent_Study/ros_workspace/build/all_points' returned '2': CMAKE_PREFIX_PATH=${CMAKE_PREFIX_PATH}:/opt/ros/foxy /usr/bin/cmake --build /home/propp/Independent_Study/ros_workspace/build/all_points -- -j12 -l12
