[01m[K/home/propp/Independent_Study/first_ros_package/src/first_ros_package/src/publisher_member_function.cpp:80:[m[K [01;31m[Kerror: [m[Kunterminated argument list invoking macro "RCLCPP_INFO"
   80 | }
      | 
[01m[K/home/propp/Independent_Study/first_ros_package/src/first_ros_package/src/publisher_member_function.cpp:61:5:[m[K [01;31m[Kerror: [m[Kexpected â€˜[01m[K}[m[Kâ€™ at end of input
   61 |     [01;31m[KRCLCPP_INFO[m[K(this->get_logger(), "published: ", msg->header.frame_id;
      |     [01;31m[K^~~~~~~~~~~[m[K
[01m[K/home/propp/Independent_Study/first_ros_package/src/first_ros_package/src/publisher_member_function.cpp:33:1:[m[K [01;36m[Knote: [m[Kto match this â€˜[01m[K{[m[Kâ€™
   33 | [01;36m[K{[m[K
      | [01;36m[K^[m[K
[01m[K/home/propp/Independent_Study/first_ros_package/src/first_ros_package/src/publisher_member_function.cpp:[m[K In constructor â€˜[01m[KOdometryToTF::OdometryToTF(std::shared_ptr<rclcpp::Node>)[m[Kâ€™:
[01m[K/home/propp/Independent_Study/first_ros_package/src/first_ros_package/src/publisher_member_function.cpp:36:5:[m[K [01;31m[Kerror: [m[Kâ€˜[01m[KodometrySubscription_[m[Kâ€™ was not declared in this scope
   36 |     [01;31m[KodometrySubscription_[m[K = this->create_subscription<nav_msgs::msg::Odometry>("/model/X1/odometry",
      |     [01;31m[K^~~~~~~~~~~~~~~~~~~~~[m[K
[01m[K/home/propp/Independent_Study/first_ros_package/src/first_ros_package/src/publisher_member_function.cpp:38:11:[m[K [01;31m[Kerror: [m[Kâ€˜[01m[Kclass OdometryToTF[m[Kâ€™ has no member named â€˜[01m[KbrNode[m[Kâ€™; did you mean â€˜[01m[KNode[m[Kâ€™?
   38 |     this->[01;31m[KbrNode[m[K = brNode_;
      |           [01;31m[K^~~~~~[m[K
      |           [32m[KNode[m[K
[01m[K/home/propp/Independent_Study/first_ros_package/src/first_ros_package/src/publisher_member_function.cpp:[m[K In member function â€˜[01m[Kvoid OdometryToTF::topic_callback(std::shared_ptr<const nav_msgs::msg::Odometry_<std::allocator<void> > >)[m[Kâ€™:
[01m[K/home/propp/Independent_Study/first_ros_package/src/first_ros_package/src/publisher_member_function.cpp:61:5:[m[K [01;31m[Kerror: [m[Kâ€˜[01m[KRCLCPP_INFO[m[Kâ€™ was not declared in this scope
   61 |     [01;31m[KRCLCPP_INFO[m[K(this->get_logger(), "published: ", msg->header.frame_id;
      |     [01;31m[K^~~~~~~~~~~[m[K
[01m[K/home/propp/Independent_Study/first_ros_package/src/first_ros_package/src/publisher_member_function.cpp:61:5:[m[K [01;31m[Kerror: [m[Kexpected â€˜[01m[K}[m[Kâ€™ at end of input
[01m[K/home/propp/Independent_Study/first_ros_package/src/first_ros_package/src/publisher_member_function.cpp:46:75:[m[K [01;36m[Knote: [m[Kto match this â€˜[01m[K{[m[Kâ€™
   46 |   void topic_callback(std::shared_ptr<const nav_msgs::msg::Odometry> msg) [01;36m[K{[m[K
      |                                                                           [01;36m[K^[m[K
[01m[K/home/propp/Independent_Study/first_ros_package/src/first_ros_package/src/publisher_member_function.cpp:[m[K At global scope:
[01m[K/home/propp/Independent_Study/first_ros_package/src/first_ros_package/src/publisher_member_function.cpp:61:5:[m[K [01;31m[Kerror: [m[Kexpected unqualified-id at end of input
   61 |     [01;31m[KRCLCPP_INFO[m[K(this->get_logger(), "published: ", msg->header.frame_id;
      |     [01;31m[K^~~~~~~~~~~[m[K
make[2]: *** [CMakeFiles/talker.dir/build.make:63: CMakeFiles/talker.dir/src/publisher_member_function.cpp.o] Error 1
make[1]: *** [CMakeFiles/Makefile2:78: CMakeFiles/talker.dir/all] Error 2
make: *** [Makefile:141: all] Error 2
