[0.012s] Invoking command in '/home/propp/Independent_Study/first_ros_package/src/first_ros_package/build/first_ros_package': CMAKE_PREFIX_PATH=${CMAKE_PREFIX_PATH}:/home/propp/Independent_Study/src/Test_Ros/install/my_package /usr/bin/cmake --build /home/propp/Independent_Study/first_ros_package/src/first_ros_package/build/first_ros_package -- -j12 -l12
[0.048s] [35m[1mScanning dependencies of target talker[0m
[0.074s] [ 50%] [32mBuilding CXX object CMakeFiles/talker.dir/src/publisher_member_function.cpp.o[0m
[0.165s] [01m[K/home/propp/Independent_Study/first_ros_package/src/first_ros_package/src/publisher_member_function.cpp:80:[m[K [01;31m[Kerror: [m[Kunterminated argument list invoking macro "RCLCPP_INFO"
[0.165s]    80 | }
[0.165s]       | 
[1.136s] [01m[K/home/propp/Independent_Study/first_ros_package/src/first_ros_package/src/publisher_member_function.cpp:61:5:[m[K [01;31m[Kerror: [m[Kexpected â€˜[01m[K}[m[Kâ€™ at end of input
[1.136s]    61 |     [01;31m[KRCLCPP_INFO[m[K(this->get_logger(), "published: ", msg->header.frame_id;
[1.136s]       |     [01;31m[K^~~~~~~~~~~[m[K
[1.136s] [01m[K/home/propp/Independent_Study/first_ros_package/src/first_ros_package/src/publisher_member_function.cpp:33:1:[m[K [01;36m[Knote: [m[Kto match this â€˜[01m[K{[m[Kâ€™
[1.136s]    33 | [01;36m[K{[m[K
[1.136s]       | [01;36m[K^[m[K
[1.140s] [01m[K/home/propp/Independent_Study/first_ros_package/src/first_ros_package/src/publisher_member_function.cpp:[m[K In constructor â€˜[01m[KOdometryToTF::OdometryToTF(std::shared_ptr<rclcpp::Node>)[m[Kâ€™:
[1.140s] [01m[K/home/propp/Independent_Study/first_ros_package/src/first_ros_package/src/publisher_member_function.cpp:36:5:[m[K [01;31m[Kerror: [m[Kâ€˜[01m[KodometrySubscription_[m[Kâ€™ was not declared in this scope
[1.140s]    36 |     [01;31m[KodometrySubscription_[m[K = this->create_subscription<nav_msgs::msg::Odometry>("/model/X1/odometry",
[1.140s]       |     [01;31m[K^~~~~~~~~~~~~~~~~~~~~[m[K
[1.154s] [01m[K/home/propp/Independent_Study/first_ros_package/src/first_ros_package/src/publisher_member_function.cpp:38:11:[m[K [01;31m[Kerror: [m[Kâ€˜[01m[Kclass OdometryToTF[m[Kâ€™ has no member named â€˜[01m[KbrNode[m[Kâ€™; did you mean â€˜[01m[KNode[m[Kâ€™?
[1.154s]    38 |     this->[01;31m[KbrNode[m[K = brNode_;
[1.154s]       |           [01;31m[K^~~~~~[m[K
[1.154s]       |           [32m[KNode[m[K
[1.161s] [01m[K/home/propp/Independent_Study/first_ros_package/src/first_ros_package/src/publisher_member_function.cpp:[m[K In member function â€˜[01m[Kvoid OdometryToTF::topic_callback(std::shared_ptr<const nav_msgs::msg::Odometry_<std::allocator<void> > >)[m[Kâ€™:
[1.161s] [01m[K/home/propp/Independent_Study/first_ros_package/src/first_ros_package/src/publisher_member_function.cpp:61:5:[m[K [01;31m[Kerror: [m[Kâ€˜[01m[KRCLCPP_INFO[m[Kâ€™ was not declared in this scope
[1.161s]    61 |     [01;31m[KRCLCPP_INFO[m[K(this->get_logger(), "published: ", msg->header.frame_id;
[1.161s]       |     [01;31m[K^~~~~~~~~~~[m[K
[1.162s] [01m[K/home/propp/Independent_Study/first_ros_package/src/first_ros_package/src/publisher_member_function.cpp:61:5:[m[K [01;31m[Kerror: [m[Kexpected â€˜[01m[K}[m[Kâ€™ at end of input
[1.162s] [01m[K/home/propp/Independent_Study/first_ros_package/src/first_ros_package/src/publisher_member_function.cpp:46:75:[m[K [01;36m[Knote: [m[Kto match this â€˜[01m[K{[m[Kâ€™
[1.162s]    46 |   void topic_callback(std::shared_ptr<const nav_msgs::msg::Odometry> msg) [01;36m[K{[m[K
[1.162s]       |                                                                           [01;36m[K^[m[K
[1.162s] [01m[K/home/propp/Independent_Study/first_ros_package/src/first_ros_package/src/publisher_member_function.cpp:[m[K At global scope:
[1.162s] [01m[K/home/propp/Independent_Study/first_ros_package/src/first_ros_package/src/publisher_member_function.cpp:61:5:[m[K [01;31m[Kerror: [m[Kexpected unqualified-id at end of input
[1.162s]    61 |     [01;31m[KRCLCPP_INFO[m[K(this->get_logger(), "published: ", msg->header.frame_id;
[1.162s]       |     [01;31m[K^~~~~~~~~~~[m[K
[2.351s] make[2]: *** [CMakeFiles/talker.dir/build.make:63: CMakeFiles/talker.dir/src/publisher_member_function.cpp.o] Error 1
[2.351s] make[1]: *** [CMakeFiles/Makefile2:78: CMakeFiles/talker.dir/all] Error 2
[2.351s] make: *** [Makefile:141: all] Error 2
[2.353s] Invoked command in '/home/propp/Independent_Study/first_ros_package/src/first_ros_package/build/first_ros_package' returned '2': CMAKE_PREFIX_PATH=${CMAKE_PREFIX_PATH}:/home/propp/Independent_Study/src/Test_Ros/install/my_package /usr/bin/cmake --build /home/propp/Independent_Study/first_ros_package/src/first_ros_package/build/first_ros_package -- -j12 -l12
