In file included from [01m[K/home/propp/Independent_Study/ros_workspace/src/pointcloud_to_laserscan/src/pointcloud_to_laserscan_node.cpp:41[m[K:
[01m[K/home/propp/Independent_Study/ros_workspace/src/pointcloud_to_laserscan/include/pointcloud_to_laserscan/pointcloud_to_laserscan_node.hpp:49:10:[m[K [01;31m[Kfatal error: [m[Kmessage_filters/subscriber.h: No such file or directory
   49 | #include [01;31m[K"message_filters/subscriber.h"[m[K
      |          [01;31m[K^~~~~~~~~~~~~~~~~~~~~~~~~~~~~~[m[K
compilation terminated.
make[2]: *** [CMakeFiles/pointcloud_converter.dir/build.make:63: CMakeFiles/pointcloud_converter.dir/src/pointcloud_to_laserscan_node.cpp.o] Error 1
make[1]: *** [CMakeFiles/Makefile2:221: CMakeFiles/pointcloud_converter.dir/all] Error 2
make[1]: *** Waiting for unfinished jobs....
[01m[K/home/propp/Independent_Study/ros_workspace/src/pointcloud_to_laserscan/src/pointcloud_to_laserscan_node.cpp:[m[K In function â€˜[01m[Kint main(int, char**)[m[Kâ€™:
[01m[K/home/propp/Independent_Study/ros_workspace/src/pointcloud_to_laserscan/src/pointcloud_to_laserscan_node.cpp:235:33:[m[K [01;31m[Kerror: [m[Kâ€˜[01m[KPointCloudToLaserScanNode[m[Kâ€™ was not declared in this scope; did you mean â€˜[01m[Kpointcloud_to_laserscan::PointCloudToLaserScanNode[m[Kâ€™?
  235 |   rclcpp::spin(std::make_shared<[01;31m[KPointCloudToLaserScanNode[m[K>(rclcpp::NodeOptions()));
      |                                 [01;31m[K^~~~~~~~~~~~~~~~~~~~~~~~~[m[K
      |                                 [32m[Kpointcloud_to_laserscan::PointCloudToLaserScanNode[m[K
In file included from [01m[K/home/propp/Independent_Study/ros_workspace/src/pointcloud_to_laserscan/src/pointcloud_to_laserscan_node.cpp:41[m[K:
[01m[K/home/propp/Independent_Study/ros_workspace/src/pointcloud_to_laserscan/include/pointcloud_to_laserscan/pointcloud_to_laserscan_node.hpp:68:7:[m[K [01;36m[Knote: [m[Kâ€˜[01m[Kpointcloud_to_laserscan::PointCloudToLaserScanNode[m[Kâ€™ declared here
   68 | class [01;36m[KPointCloudToLaserScanNode[m[K : public rclcpp::Node
      |       [01;36m[K^~~~~~~~~~~~~~~~~~~~~~~~~[m[K
[01m[K/home/propp/Independent_Study/ros_workspace/src/pointcloud_to_laserscan/src/pointcloud_to_laserscan_node.cpp:235:81:[m[K [01;31m[Kerror: [m[Kno matching function for call to â€˜[01m[Kmake_shared<<expression error> >(rclcpp::NodeOptions)[m[Kâ€™
  235 | :make_shared<PointCloudToLaserScanNode>(rclcpp::NodeOptions()[01;31m[K)[m[K);
      |                                                              [01;31m[K^[m[K

In file included from [01m[K/usr/include/c++/9/memory:81[m[K,
                 from [01m[K/home/propp/Independent_Study/ros_workspace/src/pointcloud_to_laserscan/include/pointcloud_to_laserscan/pointcloud_to_laserscan_node.hpp:45[m[K,
                 from [01m[K/home/propp/Independent_Study/ros_workspace/src/pointcloud_to_laserscan/src/pointcloud_to_laserscan_node.cpp:41[m[K:
[01m[K/usr/include/c++/9/bits/shared_ptr.h:714:5:[m[K [01;36m[Knote: [m[Kcandidate: â€˜[01m[Ktemplate<class _Tp, class ... _Args> std::shared_ptr<_Tp> std::make_shared(_Args&& ...)[m[Kâ€™
  714 |     [01;36m[Kmake_shared[m[K(_Args&&... __args)
      |     [01;36m[K^~~~~~~~~~~[m[K
[01m[K/usr/include/c++/9/bits/shared_ptr.h:714:5:[m[K [01;36m[Knote: [m[K  template argument deduction/substitution failed:
[01m[K/home/propp/Independent_Study/ros_workspace/src/pointcloud_to_laserscan/src/pointcloud_to_laserscan_node.cpp:235:81:[m[K [01;31m[Kerror: [m[Ktemplate argument 1 is invalid
  235 | :make_shared<PointCloudToLaserScanNode>(rclcpp::NodeOptions()[01;31m[K)[m[K);
      |                                                              [01;31m[K^[m[K

make[2]: *** [CMakeFiles/pointcloud_to_laserscan.dir/build.make:63: CMakeFiles/pointcloud_to_laserscan.dir/src/pointcloud_to_laserscan_node.cpp.o] Error 1
make[1]: *** [CMakeFiles/Makefile2:167: CMakeFiles/pointcloud_to_laserscan.dir/all] Error 2
make: *** [Makefile:141: all] Error 2
