-- Found ament_cmake: 0.9.7 (/home/propp/ros2_foxy/ros2-linux/share/ament_cmake/cmake)
-- Using PYTHON_EXECUTABLE: /usr/bin/python3
-- Found laser_geometry: 2.2.0 (/home/propp/ros2_foxy/ros2-linux/share/laser_geometry/cmake)
-- Found message_filters: 3.2.4 (/home/propp/ros2_foxy/ros2-linux/share/message_filters/cmake)
-- Found rclcpp: 2.2.0 (/home/propp/ros2_foxy/ros2-linux/share/rclcpp/cmake)
-- Using all available rosidl_typesupport_c: rosidl_typesupport_connext_c;rosidl_typesupport_fastrtps_c;rosidl_typesupport_introspection_c
-- Found rosidl_adapter: 1.1.0 (/home/propp/ros2_foxy/ros2-linux/share/rosidl_adapter/cmake)
-- Found RTI Connext: /opt/rti.com/rti_connext_dds-5.3.1
-- Using all available rosidl_typesupport_cpp: rosidl_typesupport_connext_cpp;rosidl_typesupport_fastrtps_cpp;rosidl_typesupport_introspection_cpp
-- Found rmw_implementation_cmake: 1.0.1 (/home/propp/ros2_foxy/ros2-linux/share/rmw_implementation_cmake/cmake)
-- Using RMW implementation 'rmw_fastrtps_cpp' as default
-- Found rclcpp_components: 2.2.0 (/home/propp/ros2_foxy/ros2-linux/share/rclcpp_components/cmake)
-- Found sensor_msgs: 2.0.3 (/home/propp/ros2_foxy/ros2-linux/share/sensor_msgs/cmake)
-- Found tf2: 0.13.5 (/home/propp/ros2_foxy/ros2-linux/share/tf2/cmake)
-- Found tf2_ros: 0.13.5 (/home/propp/ros2_foxy/ros2-linux/share/tf2_ros/cmake)
-- Found tf2_sensor_msgs: 0.13.5 (/home/propp/ros2_foxy/ros2-linux/share/tf2_sensor_msgs/cmake)
-- Found ament_lint_auto: 0.9.5 (/home/propp/ros2_foxy/ros2-linux/share/ament_lint_auto/cmake)
-- Added test 'cppcheck' to perform static code analysis on C / C++ code
-- Configured cppcheck include dirs: /home/propp/Independent_Study/ros_workspace/src/pointcloud_to_laserscan/include
-- Configured cppcheck exclude dirs and/or files: 
-- Added test 'cpplint' to check C / C++ code against the Google style
-- Configured cpplint exclude dirs and/or files: 
-- Added test 'flake8' to check Python code syntax and style conventions
-- Added test 'lint_cmake' to check CMake code style
-- Added test 'pep257' to check Python code against some of the style conventions in PEP 257
-- Added test 'uncrustify' to check C / C++ code style
-- Configured uncrustify additional arguments: 
-- Added test 'xmllint' to check XML markup files
-- Configuring done
-- Generating done
-- Build files have been written to: /home/propp/Independent_Study/ros_workspace/build/pointcloud_to_laserscan
[35m[1mScanning dependencies of target pointcloud_converter[0m
[35m[1mScanning dependencies of target pointcloud_to_laserscan[0m
[ 10%] [32mBuilding CXX object CMakeFiles/pointcloud_converter.dir/src/pointcloud_to_laserscan_node.cpp.o[0m
[ 30%] Built target pointcloud_to_laserscan_node
[ 50%] Built target laserscan_to_pointcloud_node
[ 70%] Built target laserscan_to_pointcloud
[ 80%] [32mBuilding CXX object CMakeFiles/pointcloud_to_laserscan.dir/src/pointcloud_to_laserscan_node.cpp.o[0m
In file included from [01m[K/home/propp/Independent_Study/ros_workspace/src/pointcloud_to_laserscan/src/pointcloud_to_laserscan_node.cpp:41[m[K:
[01m[K/home/propp/Independent_Study/ros_workspace/src/pointcloud_to_laserscan/include/pointcloud_to_laserscan/pointcloud_to_laserscan_node.hpp:49:10:[m[K [01;31m[Kfatal error: [m[Kmessage_filters/subscriber.h: No such file or directory
   49 | #include [01;31m[K"message_filters/subscriber.h"[m[K
      |          [01;31m[K^~~~~~~~~~~~~~~~~~~~~~~~~~~~~~[m[K
compilation terminated.
make[2]: *** [CMakeFiles/pointcloud_converter.dir/build.make:63: CMakeFiles/pointcloud_converter.dir/src/pointcloud_to_laserscan_node.cpp.o] Error 1
make[1]: *** [CMakeFiles/Makefile2:221: CMakeFiles/pointcloud_converter.dir/all] Error 2
make[1]: *** Waiting for unfinished jobs....
[01m[K/home/propp/Independent_Study/ros_workspace/src/pointcloud_to_laserscan/src/pointcloud_to_laserscan_node.cpp:[m[K In function â€˜[01m[Kint main(int, char**)[m[Kâ€™:
[01m[K/home/propp/Independent_Study/ros_workspace/src/pointcloud_to_laserscan/src/pointcloud_to_laserscan_node.cpp:235:33:[m[K [01;31m[Kerror: [m[Kâ€˜[01m[KPointCloudToLaserScanNode[m[Kâ€™ was not declared in this scope; did you mean â€˜[01m[Kpointcloud_to_laserscan::PointCloudToLaserScanNode[m[Kâ€™?
  235 |   rclcpp::spin(std::make_shared<[01;31m[KPointCloudToLaserScanNode[m[K>(rclcpp::NodeOptions()));
      |                                 [01;31m[K^~~~~~~~~~~~~~~~~~~~~~~~~[m[K
      |                                 [32m[Kpointcloud_to_laserscan::PointCloudToLaserScanNode[m[K
In file included from [01m[K/home/propp/Independent_Study/ros_workspace/src/pointcloud_to_laserscan/src/pointcloud_to_laserscan_node.cpp:41[m[K:
[01m[K/home/propp/Independent_Study/ros_workspace/src/pointcloud_to_laserscan/include/pointcloud_to_laserscan/pointcloud_to_laserscan_node.hpp:68:7:[m[K [01;36m[Knote: [m[Kâ€˜[01m[Kpointcloud_to_laserscan::PointCloudToLaserScanNode[m[Kâ€™ declared here
   68 | class [01;36m[KPointCloudToLaserScanNode[m[K : public rclcpp::Node
      |       [01;36m[K^~~~~~~~~~~~~~~~~~~~~~~~~[m[K
[01m[K/home/propp/Independent_Study/ros_workspace/src/pointcloud_to_laserscan/src/pointcloud_to_laserscan_node.cpp:235:81:[m[K [01;31m[Kerror: [m[Kno matching function for call to â€˜[01m[Kmake_shared<<expression error> >(rclcpp::NodeOptions)[m[Kâ€™
  235 | :make_shared<PointCloudToLaserScanNode>(rclcpp::NodeOptions()[01;31m[K)[m[K);
      |                                                              [01;31m[K^[m[K

In file included from [01m[K/usr/include/c++/9/memory:81[m[K,
                 from [01m[K/home/propp/Independent_Study/ros_workspace/src/pointcloud_to_laserscan/include/pointcloud_to_laserscan/pointcloud_to_laserscan_node.hpp:45[m[K,
                 from [01m[K/home/propp/Independent_Study/ros_workspace/src/pointcloud_to_laserscan/src/pointcloud_to_laserscan_node.cpp:41[m[K:
[01m[K/usr/include/c++/9/bits/shared_ptr.h:714:5:[m[K [01;36m[Knote: [m[Kcandidate: â€˜[01m[Ktemplate<class _Tp, class ... _Args> std::shared_ptr<_Tp> std::make_shared(_Args&& ...)[m[Kâ€™
  714 |     [01;36m[Kmake_shared[m[K(_Args&&... __args)
      |     [01;36m[K^~~~~~~~~~~[m[K
[01m[K/usr/include/c++/9/bits/shared_ptr.h:714:5:[m[K [01;36m[Knote: [m[K  template argument deduction/substitution failed:
[01m[K/home/propp/Independent_Study/ros_workspace/src/pointcloud_to_laserscan/src/pointcloud_to_laserscan_node.cpp:235:81:[m[K [01;31m[Kerror: [m[Ktemplate argument 1 is invalid
  235 | :make_shared<PointCloudToLaserScanNode>(rclcpp::NodeOptions()[01;31m[K)[m[K);
      |                                                              [01;31m[K^[m[K

make[2]: *** [CMakeFiles/pointcloud_to_laserscan.dir/build.make:63: CMakeFiles/pointcloud_to_laserscan.dir/src/pointcloud_to_laserscan_node.cpp.o] Error 1
make[1]: *** [CMakeFiles/Makefile2:167: CMakeFiles/pointcloud_to_laserscan.dir/all] Error 2
make: *** [Makefile:141: all] Error 2
