[0.011s] Invoking command in '/home/propp/Independent_Study/ros_workspace/build/pointcloud_to_laserscan': /usr/bin/cmake --build /home/propp/Independent_Study/ros_workspace/build/pointcloud_to_laserscan -- -j12 -l12
[0.033s] -- Found ament_cmake: 0.9.7 (/home/propp/ros2_foxy/ros2-linux/share/ament_cmake/cmake)
[0.049s] -- Using PYTHON_EXECUTABLE: /usr/bin/python3
[0.185s] -- Found laser_geometry: 2.2.0 (/home/propp/ros2_foxy/ros2-linux/share/laser_geometry/cmake)
[0.191s] -- Found message_filters: 3.2.4 (/home/propp/ros2_foxy/ros2-linux/share/message_filters/cmake)
[0.193s] -- Found rclcpp: 2.2.0 (/home/propp/ros2_foxy/ros2-linux/share/rclcpp/cmake)
[0.207s] -- Using all available rosidl_typesupport_c: rosidl_typesupport_connext_c;rosidl_typesupport_fastrtps_c;rosidl_typesupport_introspection_c
[0.211s] -- Found rosidl_adapter: 1.1.0 (/home/propp/ros2_foxy/ros2-linux/share/rosidl_adapter/cmake)
[0.213s] -- Found RTI Connext: /opt/rti.com/rti_connext_dds-5.3.1
[0.498s] -- Using all available rosidl_typesupport_cpp: rosidl_typesupport_connext_cpp;rosidl_typesupport_fastrtps_cpp;rosidl_typesupport_introspection_cpp
[0.536s] -- Found rmw_implementation_cmake: 1.0.1 (/home/propp/ros2_foxy/ros2-linux/share/rmw_implementation_cmake/cmake)
[0.538s] -- Using RMW implementation 'rmw_fastrtps_cpp' as default
[0.604s] -- Found rclcpp_components: 2.2.0 (/home/propp/ros2_foxy/ros2-linux/share/rclcpp_components/cmake)
[0.646s] -- Found sensor_msgs: 2.0.3 (/home/propp/ros2_foxy/ros2-linux/share/sensor_msgs/cmake)
[0.753s] -- Found tf2: 0.13.5 (/home/propp/ros2_foxy/ros2-linux/share/tf2/cmake)
[0.760s] -- Found tf2_ros: 0.13.5 (/home/propp/ros2_foxy/ros2-linux/share/tf2_ros/cmake)
[0.971s] -- Found tf2_sensor_msgs: 0.13.5 (/home/propp/ros2_foxy/ros2-linux/share/tf2_sensor_msgs/cmake)
[1.014s] -- Found ament_lint_auto: 0.9.5 (/home/propp/ros2_foxy/ros2-linux/share/ament_lint_auto/cmake)
[1.063s] -- Added test 'cppcheck' to perform static code analysis on C / C++ code
[1.064s] -- Configured cppcheck include dirs: /home/propp/Independent_Study/ros_workspace/src/pointcloud_to_laserscan/include
[1.065s] -- Configured cppcheck exclude dirs and/or files: 
[1.067s] -- Added test 'cpplint' to check C / C++ code against the Google style
[1.067s] -- Configured cpplint exclude dirs and/or files: 
[1.067s] -- Added test 'flake8' to check Python code syntax and style conventions
[1.068s] -- Added test 'lint_cmake' to check CMake code style
[1.068s] -- Added test 'pep257' to check Python code against some of the style conventions in PEP 257
[1.070s] -- Added test 'uncrustify' to check C / C++ code style
[1.070s] -- Configured uncrustify additional arguments: 
[1.071s] -- Added test 'xmllint' to check XML markup files
[1.073s] -- Configuring done
[1.097s] -- Generating done
[1.099s] -- Build files have been written to: /home/propp/Independent_Study/ros_workspace/build/pointcloud_to_laserscan
[1.119s] [35m[1mScanning dependencies of target pointcloud_converter[0m
[1.125s] [35m[1mScanning dependencies of target pointcloud_to_laserscan[0m
[1.129s] [ 10%] [32mBuilding CXX object CMakeFiles/pointcloud_converter.dir/src/pointcloud_to_laserscan_node.cpp.o[0m
[1.132s] [ 30%] Built target pointcloud_to_laserscan_node
[1.134s] [ 50%] Built target laserscan_to_pointcloud_node
[1.140s] [ 70%] Built target laserscan_to_pointcloud
[1.163s] [ 80%] [32mBuilding CXX object CMakeFiles/pointcloud_to_laserscan.dir/src/pointcloud_to_laserscan_node.cpp.o[0m
[1.173s] In file included from [01m[K/home/propp/Independent_Study/ros_workspace/src/pointcloud_to_laserscan/src/pointcloud_to_laserscan_node.cpp:41[m[K:
[1.173s] [01m[K/home/propp/Independent_Study/ros_workspace/src/pointcloud_to_laserscan/include/pointcloud_to_laserscan/pointcloud_to_laserscan_node.hpp:49:10:[m[K [01;31m[Kfatal error: [m[Kmessage_filters/subscriber.h: No such file or directory
[1.173s]    49 | #include [01;31m[K"message_filters/subscriber.h"[m[K
[1.173s]       |          [01;31m[K^~~~~~~~~~~~~~~~~~~~~~~~~~~~~~[m[K
[1.173s] compilation terminated.
[1.174s] make[2]: *** [CMakeFiles/pointcloud_converter.dir/build.make:63: CMakeFiles/pointcloud_converter.dir/src/pointcloud_to_laserscan_node.cpp.o] Error 1
[1.174s] make[1]: *** [CMakeFiles/Makefile2:221: CMakeFiles/pointcloud_converter.dir/all] Error 2
[1.174s] make[1]: *** Waiting for unfinished jobs....
[2.911s] [01m[K/home/propp/Independent_Study/ros_workspace/src/pointcloud_to_laserscan/src/pointcloud_to_laserscan_node.cpp:[m[K In function â€˜[01m[Kint main(int, char**)[m[Kâ€™:
[2.911s] [01m[K/home/propp/Independent_Study/ros_workspace/src/pointcloud_to_laserscan/src/pointcloud_to_laserscan_node.cpp:235:33:[m[K [01;31m[Kerror: [m[Kâ€˜[01m[KPointCloudToLaserScanNode[m[Kâ€™ was not declared in this scope; did you mean â€˜[01m[Kpointcloud_to_laserscan::PointCloudToLaserScanNode[m[Kâ€™?
[2.911s]   235 |   rclcpp::spin(std::make_shared<[01;31m[KPointCloudToLaserScanNode[m[K>(rclcpp::NodeOptions()));
[2.912s]       |                                 [01;31m[K^~~~~~~~~~~~~~~~~~~~~~~~~[m[K
[2.912s]       |                                 [32m[Kpointcloud_to_laserscan::PointCloudToLaserScanNode[m[K
[2.912s] In file included from [01m[K/home/propp/Independent_Study/ros_workspace/src/pointcloud_to_laserscan/src/pointcloud_to_laserscan_node.cpp:41[m[K:
[2.912s] [01m[K/home/propp/Independent_Study/ros_workspace/src/pointcloud_to_laserscan/include/pointcloud_to_laserscan/pointcloud_to_laserscan_node.hpp:68:7:[m[K [01;36m[Knote: [m[Kâ€˜[01m[Kpointcloud_to_laserscan::PointCloudToLaserScanNode[m[Kâ€™ declared here
[2.912s]    68 | class [01;36m[KPointCloudToLaserScanNode[m[K : public rclcpp::Node
[2.912s]       |       [01;36m[K^~~~~~~~~~~~~~~~~~~~~~~~~[m[K
[2.912s] [01m[K/home/propp/Independent_Study/ros_workspace/src/pointcloud_to_laserscan/src/pointcloud_to_laserscan_node.cpp:235:81:[m[K [01;31m[Kerror: [m[Kno matching function for call to â€˜[01m[Kmake_shared<<expression error> >(rclcpp::NodeOptions)[m[Kâ€™
[2.912s]   235 | :make_shared<PointCloudToLaserScanNode>(rclcpp::NodeOptions()[01;31m[K)[m[K);
[2.912s]       |                                                              [01;31m[K^[m[K
[2.913s] 
[2.913s] In file included from [01m[K/usr/include/c++/9/memory:81[m[K,
[2.913s]                  from [01m[K/home/propp/Independent_Study/ros_workspace/src/pointcloud_to_laserscan/include/pointcloud_to_laserscan/pointcloud_to_laserscan_node.hpp:45[m[K,
[2.913s]                  from [01m[K/home/propp/Independent_Study/ros_workspace/src/pointcloud_to_laserscan/src/pointcloud_to_laserscan_node.cpp:41[m[K:
[2.913s] [01m[K/usr/include/c++/9/bits/shared_ptr.h:714:5:[m[K [01;36m[Knote: [m[Kcandidate: â€˜[01m[Ktemplate<class _Tp, class ... _Args> std::shared_ptr<_Tp> std::make_shared(_Args&& ...)[m[Kâ€™
[2.913s]   714 |     [01;36m[Kmake_shared[m[K(_Args&&... __args)
[2.913s]       |     [01;36m[K^~~~~~~~~~~[m[K
[2.913s] [01m[K/usr/include/c++/9/bits/shared_ptr.h:714:5:[m[K [01;36m[Knote: [m[K  template argument deduction/substitution failed:
[2.913s] [01m[K/home/propp/Independent_Study/ros_workspace/src/pointcloud_to_laserscan/src/pointcloud_to_laserscan_node.cpp:235:81:[m[K [01;31m[Kerror: [m[Ktemplate argument 1 is invalid
[2.914s]   235 | :make_shared<PointCloudToLaserScanNode>(rclcpp::NodeOptions()[01;31m[K)[m[K);
[2.914s]       |                                                              [01;31m[K^[m[K
[2.914s] 
[4.694s] make[2]: *** [CMakeFiles/pointcloud_to_laserscan.dir/build.make:63: CMakeFiles/pointcloud_to_laserscan.dir/src/pointcloud_to_laserscan_node.cpp.o] Error 1
[4.695s] make[1]: *** [CMakeFiles/Makefile2:167: CMakeFiles/pointcloud_to_laserscan.dir/all] Error 2
[4.695s] make: *** [Makefile:141: all] Error 2
[4.697s] Invoked command in '/home/propp/Independent_Study/ros_workspace/build/pointcloud_to_laserscan' returned '2': /usr/bin/cmake --build /home/propp/Independent_Study/ros_workspace/build/pointcloud_to_laserscan -- -j12 -l12
