[0.019s] Invoking command in '/home/propp/Independent_Study/ros_workspace/build/first_ros_package': /usr/bin/cmake --build /home/propp/Independent_Study/ros_workspace/build/first_ros_package -- -j12 -l12
[0.062s] [ 25%] [32mBuilding CXX object CMakeFiles/pointCloudToLaserScan.dir/src/point_cloud_to_laserscan.cpp.o[0m
[0.065s] [ 75%] Built target odometryTfConverter
[0.149s] [01m[K/home/propp/Independent_Study/ros_workspace/src/first_ros_package/src/point_cloud_to_laserscan.cpp:23:10:[m[K [01;31m[Kfatal error: [m[Kpointcloud_to_laserscan/pointcloud_to_laserscan_node.hpp: No such file or directory
[0.149s]    23 | #include [01;31m[K"pointcloud_to_laserscan/pointcloud_to_laserscan_node.hpp"[m[K
[0.149s]       |          [01;31m[K^~~~~~~~~~~~~~~~~~~~~~~~~~~~~~~~~~~~~~~~~~~~~~~~~~~~~~~~~~[m[K
[0.149s] compilation terminated.
[0.150s] make[2]: *** [CMakeFiles/pointCloudToLaserScan.dir/build.make:63: CMakeFiles/pointCloudToLaserScan.dir/src/point_cloud_to_laserscan.cpp.o] Error 1
[0.150s] make[1]: *** [CMakeFiles/Makefile2:80: CMakeFiles/pointCloudToLaserScan.dir/all] Error 2
[0.150s] make: *** [Makefile:141: all] Error 2
[0.152s] Invoked command in '/home/propp/Independent_Study/ros_workspace/build/first_ros_package' returned '2': /usr/bin/cmake --build /home/propp/Independent_Study/ros_workspace/build/first_ros_package -- -j12 -l12
