[0.011s] Invoking command in '/home/propp/Independent_Study/first_ros_package/src/first_ros_package/build/first_ros_package': CMAKE_PREFIX_PATH=${CMAKE_PREFIX_PATH}:/home/propp/Independent_Study/src/Test_Ros/install/my_package /usr/bin/cmake --build /home/propp/Independent_Study/first_ros_package/src/first_ros_package/build/first_ros_package -- -j12 -l12
[0.044s] [35m[1mScanning dependencies of target talker[0m
[0.065s] [ 50%] [32mBuilding CXX object CMakeFiles/talker.dir/src/publisher_member_function.cpp.o[0m
[0.956s] [01m[K/home/propp/Independent_Study/first_ros_package/src/first_ros_package/src/publisher_member_function.cpp:[m[K In member function â€˜[01m[Kvoid OdometryToTF::topic_callback(std::shared_ptr<const std_msgs::msg::String_<std::allocator<void> > >)[m[Kâ€™:
[0.956s] [01m[K/home/propp/Independent_Study/first_ros_package/src/first_ros_package/src/publisher_member_function.cpp:43:68:[m[K [01;35m[Kwarning: [m[Kunused parameter â€˜[01m[Kmsg[m[Kâ€™ [[01;35m[K-Wunused-parameter[m[K]
[0.956s]    43 |   void topic_callback([01;35m[Kstd::shared_ptr<const std_msgs::msg::String> msg[m[K) {
[0.956s]       |                       [01;35m[K~~~~~~~~~~~~~~~~~~~~~~~~~~~~~~~~~~~~~~~~~~~~~^~~[m[K
[3.553s] [100%] [32m[1mLinking CXX executable talker[0m
[3.720s] /usr/bin/ld: CMakeFiles/talker.dir/src/publisher_member_function.cpp.o: in function `OdometryToTF::topic_callback(std::shared_ptr<std_msgs::msg::String_<std::allocator<void> > const>)':
[3.720s] publisher_member_function.cpp:(.text._ZN12OdometryToTF14topic_callbackESt10shared_ptrIKN8std_msgs3msg7String_ISaIvEEEE[_ZN12OdometryToTF14topic_callbackESt10shared_ptrIKN8std_msgs3msg7String_ISaIvEEEE]+0x9d): undefined reference to `tf2_ros::TransformBroadcaster::sendTransform(geometry_msgs::msg::TransformStamped_<std::allocator<void> > const&)'
[3.720s] /usr/bin/ld: CMakeFiles/talker.dir/src/publisher_member_function.cpp.o: in function `rclcpp::Publisher<tf2_msgs::msg::TFMessage_<std::allocator<void> >, std::allocator<void> >::Publisher(rclcpp::node_interfaces::NodeBaseInterface*, std::__cxx11::basic_string<char, std::char_traits<char>, std::allocator<char> > const&, rclcpp::QoS const&, rclcpp::PublisherOptionsWithAllocator<std::allocator<void> > const&)':
[3.720s] publisher_member_function.cpp:(.text._ZN6rclcpp9PublisherIN8tf2_msgs3msg10TFMessage_ISaIvEEES4_EC2EPNS_15node_interfaces17NodeBaseInterfaceERKNSt7__cxx1112basic_stringIcSt11char_traitsIcESaIcEEERKNS_3QoSERKNS_29PublisherOptionsWithAllocatorIS4_EE[_ZN6rclcpp9PublisherIN8tf2_msgs3msg10TFMessage_ISaIvEEES4_EC5EPNS_15node_interfaces17NodeBaseInterfaceERKNSt7__cxx1112basic_stringIcSt11char_traitsIcESaIcEEERKNS_3QoSERKNS_29PublisherOptionsWithAllocatorIS4_EE]+0x6e): undefined reference to `rosidl_message_type_support_t const* rosidl_typesupport_cpp::get_message_type_support_handle<tf2_msgs::msg::TFMessage_<std::allocator<void> > >()'
[3.720s] collect2: error: ld returned 1 exit status
[3.721s] make[2]: *** [CMakeFiles/talker.dir/build.make:126: talker] Error 1
[3.721s] make[1]: *** [CMakeFiles/Makefile2:78: CMakeFiles/talker.dir/all] Error 2
[3.722s] make: *** [Makefile:141: all] Error 2
[3.723s] Invoked command in '/home/propp/Independent_Study/first_ros_package/src/first_ros_package/build/first_ros_package' returned '2': CMAKE_PREFIX_PATH=${CMAKE_PREFIX_PATH}:/home/propp/Independent_Study/src/Test_Ros/install/my_package /usr/bin/cmake --build /home/propp/Independent_Study/first_ros_package/src/first_ros_package/build/first_ros_package -- -j12 -l12
