[01m[K/home/propp/Independent_Study/first_ros_package/src/first_ros_package/src/publisher_member_function.cpp:[m[K In member function â€˜[01m[Kvoid OdometryToTF::topic_callback(std::shared_ptr<const nav_msgs::msg::Odometry_<std::allocator<void> > >)[m[Kâ€™:
[01m[K/home/propp/Independent_Study/first_ros_package/src/first_ros_package/src/publisher_member_function.cpp:48:5:[m[K [01;31m[Kerror: [m[Kâ€˜[01m[Kaskldfh[m[Kâ€™ was not declared in this scope
   48 |     [01;31m[Kaskldfh[m[K
      |     [01;31m[K^~~~~~~[m[K
[01m[K/home/propp/Independent_Study/first_ros_package/src/first_ros_package/src/publisher_member_function.cpp:64:5:[m[K [01;31m[Kerror: [m[Kâ€˜[01m[Kbr[m[Kâ€™ was not declared in this scope
   64 |     [01;31m[Kbr[m[K.sendTransform(transformStamped);
      |     [01;31m[K^~[m[K
make[2]: *** [CMakeFiles/talker.dir/build.make:63: CMakeFiles/talker.dir/src/publisher_member_function.cpp.o] Error 1
make[1]: *** [CMakeFiles/Makefile2:78: CMakeFiles/talker.dir/all] Error 2
make: *** [Makefile:141: all] Error 2
