[0.023s] Invoking command in '/home/propp/Independent_Study/ros_workspace/build/all_points': CMAKE_PREFIX_PATH=${CMAKE_PREFIX_PATH}:/opt/ros/foxy /usr/bin/cmake --build /home/propp/Independent_Study/ros_workspace/build/all_points -- -j12 -l12
[0.070s] [35m[1mScanning dependencies of target all_points_trans[0m
[0.102s] [ 50%] [32mBuilding CXX object CMakeFiles/all_points_trans.dir/src/all_points.cpp.o[0m
[0.203s] In file included from [01m[K/home/propp/Independent_Study/ros_workspace/src/all_points/src/all_points.cpp:14[m[K:
[0.203s] [01m[K/opt/ros/foxy/include/sensor_msgs/point_cloud_conversion.hpp:51:6:[m[K [01;35m[Kwarning: [m[K#warning POINT_CLOUD_DEPRECATION_MESSAGE [[01;35m[K-Wcpp[m[K]
[0.203s]    51 | #    [01;35m[Kwarning[m[K POINT_CLOUD_DEPRECATION_MESSAGE
[0.203s]       |      [01;35m[K^~~~~~~[m[K
[1.147s] [01m[K/home/propp/Independent_Study/ros_workspace/src/all_points/src/all_points.cpp:[m[K In member function â€˜[01m[Kvoid AllPointsPublisher::topic_callback(std::shared_ptr<const sensor_msgs::msg::PointCloud2_<std::allocator<void> > >)[m[Kâ€™:
[1.147s] [01m[K/home/propp/Independent_Study/ros_workspace/src/all_points/src/all_points.cpp:60:17:[m[K [01;31m[Kerror: [m[Kconflicting declaration â€˜[01m[Kint index[m[Kâ€™
[1.147s]    60 |             int [01;31m[Kindex[m[K = ((angle - (-3.141592653589)) / (3.141592653589/50));
[1.147s]       |                 [01;31m[K^~~~~[m[K
[1.147s] [01m[K/home/propp/Independent_Study/ros_workspace/src/all_points/src/all_points.cpp:58:20:[m[K [01;36m[Knote: [m[Kprevious declaration as â€˜[01m[Kdouble index[m[Kâ€™
[1.147s]    58 |             double [01;36m[Kindex[m[K = ((angle - (-3.141592653589)) / (3.141592653589/50));
[1.147s]       |                    [01;36m[K^~~~~[m[K
[2.282s] make[2]: *** [CMakeFiles/all_points_trans.dir/build.make:63: CMakeFiles/all_points_trans.dir/src/all_points.cpp.o] Error 1
[2.282s] make[1]: *** [CMakeFiles/Makefile2:78: CMakeFiles/all_points_trans.dir/all] Error 2
[2.282s] make: *** [Makefile:141: all] Error 2
[2.283s] Invoked command in '/home/propp/Independent_Study/ros_workspace/build/all_points' returned '2': CMAKE_PREFIX_PATH=${CMAKE_PREFIX_PATH}:/opt/ros/foxy /usr/bin/cmake --build /home/propp/Independent_Study/ros_workspace/build/all_points -- -j12 -l12
