[35m[1mScanning dependencies of target talker[0m
[ 50%] [32mBuilding CXX object CMakeFiles/talker.dir/src/publisher_member_function.cpp.o[0m
[01m[K/home/propp/Independent_Study/first_ros_package/src/first_ros_package/src/publisher_member_function.cpp:[m[K In constructor â€˜[01m[KOdometryToTF::OdometryToTF()[m[Kâ€™:
[01m[K/home/propp/Independent_Study/first_ros_package/src/first_ros_package/src/publisher_member_function.cpp:35:89:[m[K [01;31m[Kerror: [m[Kexpected primary-expression before â€˜[01m[K=[m[Kâ€™ token
   35 |     std::shared_ptr<rclcpp::Subscription<std_msgs::msg::String>> odometrySubscription_; [01;31m[K=[m[K this->create_subscription<std_msgs::msg::String>("/model/marble_husky_sensor_config_2/odometry",
      |                                                                                         [01;31m[K^[m[K
[01m[K/home/propp/Independent_Study/first_ros_package/src/first_ros_package/src/publisher_member_function.cpp:[m[K In static member function â€˜[01m[Kstatic void OdometryToTF::topic_callback(std::shared_ptr<const std_msgs::msg::String_<std::allocator<void> > >)[m[Kâ€™:
[01m[K/home/propp/Independent_Study/first_ros_package/src/first_ros_package/src/publisher_member_function.cpp:43:75:[m[K [01;35m[Kwarning: [m[Kunused parameter â€˜[01m[Kmsg[m[Kâ€™ [[01;35m[K-Wunused-parameter[m[K]
   43 |   static void topic_callback([01;35m[Kstd::shared_ptr<const std_msgs::msg::String> msg[m[K) {
      |                              [01;35m[K~~~~~~~~~~~~~~~~~~~~~~~~~~~~~~~~~~~~~~~~~~~~~^~~[m[K
make[2]: *** [CMakeFiles/talker.dir/build.make:63: CMakeFiles/talker.dir/src/publisher_member_function.cpp.o] Error 1
make[1]: *** [CMakeFiles/Makefile2:78: CMakeFiles/talker.dir/all] Error 2
make: *** [Makefile:141: all] Error 2
