[0.012s] Invoking command in '/home/propp/Independent_Study/first_ros_package/src/first_ros_package/build/first_ros_package': CMAKE_PREFIX_PATH=${CMAKE_PREFIX_PATH}:/home/propp/Independent_Study/src/Test_Ros/install/my_package /usr/bin/cmake --build /home/propp/Independent_Study/first_ros_package/src/first_ros_package/build/first_ros_package -- -j12 -l12
[0.043s] [35m[1mScanning dependencies of target talker[0m
[0.064s] [ 50%] [32mBuilding CXX object CMakeFiles/talker.dir/src/publisher_member_function.cpp.o[0m
[0.926s] [01m[K/home/propp/Independent_Study/first_ros_package/src/first_ros_package/src/publisher_member_function.cpp:47:33:[m[K [01;31m[Kerror: [m[Kexpected â€˜[01m[K;[m[Kâ€™ at end of member declaration
[0.927s]    47 |   tf2_ros::TransformBroadcaster [01;31m[Kbr[m[K
[0.927s]       |                                 [01;31m[K^~[m[K
[0.927s]       |                                   [32m[K;[m[K
[0.927s] [01m[K/home/propp/Independent_Study/first_ros_package/src/first_ros_package/src/publisher_member_function.cpp:[m[K In constructor â€˜[01m[KOdemetryToTF::OdemetryToTF()[m[Kâ€™:
[0.927s] [01m[K/home/propp/Independent_Study/first_ros_package/src/first_ros_package/src/publisher_member_function.cpp:33:43:[m[K [01;31m[Kerror: [m[Kno matching function for call to â€˜[01m[Ktf2_ros::TransformBroadcaster::TransformBroadcaster()[m[Kâ€™
[0.927s]    33 |   OdemetryToTF(): Node("minimal_publisher"[01;31m[K)[m[K {
[0.927s]       |                                           [01;31m[K^[m[K
[0.927s] In file included from [01m[K/home/propp/Independent_Study/first_ros_package/src/first_ros_package/src/publisher_member_function.cpp:21[m[K:
[0.928s] [01m[K/home/propp/ros2_foxy/ros2-linux/include/tf2_ros/transform_broadcaster.h:53:3:[m[K [01;36m[Knote: [m[Kcandidate: â€˜[01m[Ktemplate<class NodeT, class AllocatorT> tf2_ros::TransformBroadcaster::TransformBroadcaster(NodeT&&, const rclcpp::QoS&, const rclcpp::PublisherOptionsWithAllocator<AllocatorT>&)[m[Kâ€™
[0.928s]    53 |   [01;36m[KTransformBroadcaster[m[K(
[0.928s]       |   [01;36m[K^~~~~~~~~~~~~~~~~~~~[m[K
[0.928s] [01m[K/home/propp/ros2_foxy/ros2-linux/include/tf2_ros/transform_broadcaster.h:53:3:[m[K [01;36m[Knote: [m[K  template argument deduction/substitution failed:
[0.928s] [01m[K/home/propp/Independent_Study/first_ros_package/src/first_ros_package/src/publisher_member_function.cpp:33:43:[m[K [01;36m[Knote: [m[K  candidate expects 3 arguments, 0 provided
[0.928s]    33 |   OdemetryToTF(): Node("minimal_publisher"[01;36m[K)[m[K {
[0.928s]       |                                           [01;36m[K^[m[K
[0.928s] In file included from [01m[K/home/propp/Independent_Study/first_ros_package/src/first_ros_package/src/publisher_member_function.cpp:21[m[K:
[0.928s] [01m[K/home/propp/ros2_foxy/ros2-linux/include/tf2_ros/transform_broadcaster.h:49:7:[m[K [01;36m[Knote: [m[Kcandidate: â€˜[01m[Ktf2_ros::TransformBroadcaster::TransformBroadcaster(const tf2_ros::TransformBroadcaster&)[m[Kâ€™
[0.928s]    49 | class [01;36m[KTransformBroadcaster[m[K{
[0.928s]       |       [01;36m[K^~~~~~~~~~~~~~~~~~~~[m[K
[0.928s] [01m[K/home/propp/ros2_foxy/ros2-linux/include/tf2_ros/transform_broadcaster.h:49:7:[m[K [01;36m[Knote: [m[K  candidate expects 1 argument, 0 provided
[0.928s] [01m[K/home/propp/ros2_foxy/ros2-linux/include/tf2_ros/transform_broadcaster.h:49:7:[m[K [01;36m[Knote: [m[Kcandidate: â€˜[01m[Ktf2_ros::TransformBroadcaster::TransformBroadcaster(tf2_ros::TransformBroadcaster&&)[m[Kâ€™
[0.928s] [01m[K/home/propp/ros2_foxy/ros2-linux/include/tf2_ros/transform_broadcaster.h:49:7:[m[K [01;36m[Knote: [m[K  candidate expects 1 argument, 0 provided
[0.930s] [01m[K/home/propp/Independent_Study/first_ros_package/src/first_ros_package/src/publisher_member_function.cpp:34:5:[m[K [01;31m[Kerror: [m[Kâ€˜[01m[Kpublisher_[m[Kâ€™ was not declared in this scope; did you mean â€˜[01m[Krcl_publisher_t[m[Kâ€™?
[0.930s]    34 |     [01;31m[Kpublisher_[m[K = this->create_publisher<std_msgs::msg::String>("topic", 10);
[0.930s]       |     [01;31m[K^~~~~~~~~~[m[K
[0.930s]       |     [32m[Krcl_publisher_t[m[K
[0.932s] [01m[K/home/propp/Independent_Study/first_ros_package/src/first_ros_package/src/publisher_member_function.cpp:[m[K In function â€˜[01m[Kint main(int, char**)[m[Kâ€™:
[0.932s] [01m[K/home/propp/Independent_Study/first_ros_package/src/first_ros_package/src/publisher_member_function.cpp:50:14:[m[K [01;35m[Kwarning: [m[Kunused parameter â€˜[01m[Kargc[m[Kâ€™ [[01;35m[K-Wunused-parameter[m[K]
[0.933s]    50 | int main([01;35m[Kint argc[m[K, char * argv[])
[0.933s]       |          [01;35m[K~~~~^~~~[m[K
[0.933s] [01m[K/home/propp/Independent_Study/first_ros_package/src/first_ros_package/src/publisher_member_function.cpp:50:27:[m[K [01;35m[Kwarning: [m[Kunused parameter â€˜[01m[Kargv[m[Kâ€™ [[01;35m[K-Wunused-parameter[m[K]
[0.933s]    50 | int main(int argc, [01;35m[Kchar * argv[][m[K)
[0.933s]       |                    [01;35m[K~~~~~~~^~~~~~[m[K
[1.325s] make[2]: *** [CMakeFiles/talker.dir/build.make:63: CMakeFiles/talker.dir/src/publisher_member_function.cpp.o] Error 1
[1.325s] make[1]: *** [CMakeFiles/Makefile2:78: CMakeFiles/talker.dir/all] Error 2
[1.325s] make: *** [Makefile:141: all] Error 2
[1.328s] Invoked command in '/home/propp/Independent_Study/first_ros_package/src/first_ros_package/build/first_ros_package' returned '2': CMAKE_PREFIX_PATH=${CMAKE_PREFIX_PATH}:/home/propp/Independent_Study/src/Test_Ros/install/my_package /usr/bin/cmake --build /home/propp/Independent_Study/first_ros_package/src/first_ros_package/build/first_ros_package -- -j12 -l12
